<?xml version="1.0" encoding="UTF-8"?>
<!-- Generated by org.testng.reporters.JUnitReportReporter -->
<testsuite skipped="0" hostname="LAPTOP-PVKV3K3H" name="com.PropertyCapsuleTestCases.TestCases" tests="3" failures="0" timestamp="22 Nov 2020 16:06:43 GMT" time="26.348" errors="0">
  <testcase name="launchMapMaker" time="7.615" classname="com.PropertyCapsuleTestCases.TestCases"/>
  <testcase name="launchTourBook" time="8.338" classname="com.PropertyCapsuleTestCases.TestCases"/>
  <testcase name="launchEnterPriseLogin" time="10.395" classname="com.PropertyCapsuleTestCases.TestCases"/>
</testsuite> <!-- com.PropertyCapsuleTestCases.TestCases -->
