<?xml version="1.0" encoding="UTF-8"?>
<!-- Generated by org.testng.reporters.JUnitReportReporter -->
<testsuite skipped="0" hostname="LAPTOP-PVKV3K3H" name="PropertyCapsuleTestCases.TestCases" tests="1" failures="0" timestamp="20 Nov 2020 20:02:04 GMT" time="11.412" errors="0">
  <testcase name="launchApp" time="11.412" classname="PropertyCapsuleTestCases.TestCases"/>
</testsuite> <!-- PropertyCapsuleTestCases.TestCases -->
